TN:
SF:src/bridge/CCIPBaseReceiver.sol
FN:33,CCIPBaseReceiver.ccipReceive
FNDA:0,CCIPBaseReceiver.ccipReceive
DA:44,0
DA:44,0
FN:68,CCIPBaseReceiver.processMessage
FNDA:0,CCIPBaseReceiver.processMessage
DA:78,0
BRDA:78,0,0,-
BRDA:78,0,1,-
DA:79,0
DA:79,0
DA:81,0
DA:81,0
FN:85,CCIPBaseReceiver._ccipReceive
FNDA:0,CCIPBaseReceiver._ccipReceive
DA:89,0
DA:89,0
DA:91,0
DA:91,0
DA:93,0
DA:93,0
DA:94,0
DA:94,0
DA:95,0
DA:95,0
FN:105,CCIPBaseReceiver.supportsInterface
FNDA:0,CCIPBaseReceiver.supportsInterface
DA:107,0
DA:107,0
FNF:4
FNH:0
LF:10
LH:0
BRF:2
BRH:0
end_of_record
TN:
SF:src/bridge/CCIPBaseSender.sol
FN:40,CCIPBaseSender.transferTokens
FNDA:1,CCIPBaseSender.transferTokens
DA:52,1
DA:52,1
DA:53,1
DA:53,1
DA:54,1
DA:54,1
DA:54,1
DA:58,1
DA:58,1
DA:59,1
DA:59,1
DA:61,1
DA:61,1
DA:63,1
DA:63,1
FN:80,CCIPBaseSender.transferTokensBatch
FNDA:0,CCIPBaseSender.transferTokensBatch
DA:92,0
DA:92,0
DA:93,0
DA:93,0
DA:94,0
DA:94,0
DA:95,0
DA:95,0
DA:97,0
DA:97,0
FN:115,CCIPBaseSender._buildEndSend
FNDA:1,CCIPBaseSender._buildEndSend
DA:117,1
DA:117,1
DA:117,1
DA:119,1
DA:119,1
DA:119,1
DA:121,1
DA:121,1
DA:122,1
DA:122,1
DA:122,2
DA:122,1
DA:124,1
DA:124,1
DA:129,1
DA:129,1
DA:129,1
DA:130,1
DA:130,1
BRDA:130,0,0,-
BRDA:130,0,1,1
DA:131,0
DA:131,0
DA:135,1
DA:135,1
FNF:3
FNH:2
LF:21
LH:15
BRF:2
BRH:1
end_of_record
TN:
SF:src/bridge/modules/configuration/CCIPAllowlistedChain.sol
FN:38,CCIPAllowlistedChain.setAllowlistChain
FNDA:6,CCIPAllowlistedChain.setAllowlistChain
DA:43,4
DA:43,4
BRDA:43,0,0,3
BRDA:43,0,1,4
DA:44,3
DA:44,3
DA:46,4
DA:46,4
BRDA:46,1,0,4
BRDA:46,1,1,4
DA:47,4
DA:47,4
FNF:1
FNH:1
LF:4
LH:4
BRF:4
BRH:4
end_of_record
TN:
SF:src/bridge/modules/configuration/CCIPRouterManage.sol
FN:19,CCIPRouterManage.getRouter
FNDA:2,CCIPRouterManage.getRouter
DA:20,3
DA:20,3
DA:20,3
FN:26,CCIPRouterManage.getSupportedTokens
FNDA:1,CCIPRouterManage.getSupportedTokens
DA:29,1
DA:29,1
FNF:2
FNH:2
LF:2
LH:2
BRF:0
BRH:0
end_of_record
TN:
SF:src/bridge/modules/configuration/CCIPSenderPayment.sol
FN:27,CCIPSenderPayment.setFeePaymentMethod
FNDA:6,CCIPSenderPayment.setFeePaymentMethod
DA:28,5
BRDA:28,0,0,1
BRDA:28,0,1,4
DA:29,1
DA:29,1
DA:31,4
DA:31,4
DA:37,4
DA:37,4
DA:38,4
DA:38,4
FN:44,CCIPSenderPayment.isValidPaymentId
FNDA:5,CCIPSenderPayment.isValidPaymentId
DA:45,5
DA:45,5
DA:45,5
FN:52,CCIPSenderPayment.changeStatusFeePaymentMethod
FNDA:6,CCIPSenderPayment.changeStatusFeePaymentMethod
DA:53,5
DA:53,5
BRDA:53,1,0,1
BRDA:53,1,1,4
DA:54,1
DA:54,1
DA:56,4
DA:56,4
FN:59,CCIPSenderPayment._computeAndApproveFee
FNDA:1,CCIPSenderPayment._computeAndApproveFee
DA:61,1
DA:61,1
DA:61,1
DA:62,1
DA:62,1
DA:62,1
DA:62,1
BRDA:62,2,0,-
BRDA:62,2,1,-
DA:65,0
DA:65,0
DA:65,0
DA:66,0
DA:66,0
BRDA:66,3,0,-
BRDA:66,3,1,-
DA:67,0
DA:67,0
DA:70,0
DA:70,0
DA:70,0
DA:71,0
DA:71,0
BRDA:71,4,0,-
BRDA:71,4,1,-
DA:72,0
DA:72,0
DA:76,1
DA:76,1
DA:77,1
DA:77,1
BRDA:77,5,0,-
BRDA:77,5,1,1
DA:78,0
DA:78,0
DA:81,1
DA:81,1
FNF:4
FNH:4
LF:21
LH:14
BRF:12
BRH:5
end_of_record
TN:
SF:src/bridge/modules/internal/CCIPReceiverInternal.sol
FN:24,CCIPReceiverInternal.supportsInterface
FNDA:0,CCIPReceiverInternal.supportsInterface
DA:25,0
DA:25,0
DA:25,0
DA:25,0
DA:25,0
FNF:1
FNH:0
LF:1
LH:0
BRF:0
BRH:0
end_of_record
TN:
SF:src/bridge/modules/security/AuthorizationModule.sol
FN:48,AuthorizationModule.hasRole
FNDA:0,AuthorizationModule.hasRole
DA:53,31
DA:53,31
BRDA:53,0,0,26
BRDA:53,0,1,5
DA:54,26
DA:54,26
DA:56,5
DA:56,5
DA:56,5
FN:59,AuthorizationModule.supportsInterface
FNDA:0,AuthorizationModule.supportsInterface
DA:61,0
DA:61,0
DA:61,0
FNF:2
FNH:0
LF:4
LH:3
BRF:2
BRH:2
end_of_record
TN:
SF:src/bridge/modules/wrapper/CCIPContractBalance.sol
FN:16,CCIPContractBalance.depositNativeTokens
FNDA:4,CCIPContractBalance.depositNativeTokens
DA:18,4
DA:18,4
DA:18,4
BRDA:18,0,0,-
BRDA:18,0,1,4
DA:19,0
DA:19,0
DA:21,4
DA:21,4
FN:30,CCIPContractBalance.withdrawTokens
FNDA:4,CCIPContractBalance.withdrawTokens
DA:35,4
DA:35,4
DA:35,4
DA:35,4
DA:35,3
DA:35,3
BRDA:35,1,0,2
BRDA:35,1,1,2
DA:36,2
DA:36,2
DA:38,2
DA:38,2
BRDA:38,2,0,1
BRDA:38,2,1,-
DA:39,1
DA:39,1
DA:40,1
DA:40,1
BRDA:40,3,0,1
BRDA:40,3,1,-
DA:41,1
DA:41,1
DA:45,1
DA:45,1
DA:48,1
DA:48,1
FN:55,CCIPContractBalance.withdrawNativeTokens
FNDA:4,CCIPContractBalance.withdrawNativeTokens
DA:56,3
DA:56,3
DA:56,3
BRDA:56,4,0,1
BRDA:56,4,1,2
DA:57,1
DA:57,1
DA:59,2
DA:59,2
BRDA:59,5,0,1
BRDA:59,5,1,-
DA:60,1
DA:60,1
DA:61,1
DA:61,1
BRDA:61,6,0,1
BRDA:61,6,1,-
DA:62,1
DA:62,1
DA:66,1
DA:66,1
DA:66,1
DA:68,1
DA:68,1
BRDA:68,7,0,-
BRDA:68,7,1,1
DA:69,0
DA:69,0
DA:71,1
DA:71,1
FNF:3
FNH:3
LF:21
LH:19
BRF:16
BRH:10
end_of_record
TN:
SF:src/bridge/modules/wrapper/CCIPReceiverDefensive.sol
FN:68,CCIPReceiverDefensive.getLastReceivedMessageDetails
FNDA:0,CCIPReceiverDefensive.getLastReceivedMessageDetails
DA:78,0
DA:78,0
FN:91,CCIPReceiverDefensive.getFailedMessagesIds
FNDA:0,CCIPReceiverDefensive.getFailedMessagesIds
DA:96,0
DA:96,0
DA:96,0
DA:97,0
DA:97,0
DA:97,0
DA:98,0
DA:98,0
DA:98,0
DA:98,0
DA:99,0
DA:99,0
DA:99,0
DA:100,0
DA:100,0
DA:102,0
DA:102,0
FN:111,CCIPReceiverDefensive.retryFailedMessage
FNDA:0,CCIPReceiverDefensive.retryFailedMessage
DA:116,0
DA:116,0
DA:116,0
DA:116,0
BRDA:116,0,0,-
BRDA:116,0,1,-
DA:117,0
DA:117,0
DA:120,0
DA:120,0
DA:123,0
DA:123,0
DA:127,0
DA:127,0
DA:133,0
DA:133,0
FN:140,CCIPReceiverDefensive.setSimRevert
FNDA:0,CCIPReceiverDefensive.setSimRevert
DA:141,0
DA:141,0
FN:145,CCIPReceiverDefensive.supportsInterface
FNDA:0,CCIPReceiverDefensive.supportsInterface
DA:147,0
DA:147,0
FNF:5
FNH:0
LF:15
LH:0
BRF:2
BRH:0
end_of_record
TN:
SF:src/bridge/modules/wrapper/CCIPSenderBuild.sol
FN:7,CCIPSenderBuild.buildTokenAmounts
FNDA:6,CCIPSenderBuild.buildTokenAmounts
DA:10,6
DA:10,6
BRDA:10,0,0,1
BRDA:10,0,1,5
DA:11,1
DA:11,1
DA:13,5
DA:13,5
BRDA:13,1,0,1
BRDA:13,1,1,4
DA:14,1
DA:14,1
DA:16,4
DA:16,4
DA:17,4
DA:17,4
DA:17,7
DA:17,3
DA:18,4
DA:18,4
DA:18,4
BRDA:18,2,0,1
BRDA:18,2,1,3
DA:19,1
DA:19,1
DA:21,3
DA:21,3
DA:21,3
DA:25,3
DA:25,3
FN:34,CCIPSenderBuild.buildCCIPTransferMessage
FNDA:2,CCIPSenderBuild.buildCCIPTransferMessage
DA:39,2
DA:39,2
DA:39,2
FN:47,CCIPSenderBuild._buildCCIPMessage
FNDA:2,CCIPSenderBuild._buildCCIPMessage
DA:54,2
DA:54,2
DA:54,2
FN:70,CCIPSenderBuild._buildCCIPTransferMessage
FNDA:3,CCIPSenderBuild._buildCCIPTransferMessage
DA:75,3
DA:75,3
DA:75,0
DA:76,3
BRDA:76,3,0,2
BRDA:76,3,1,1
DA:77,2
DA:77,2
DA:79,1
DA:79,1
DA:82,2
DA:82,2
DA:82,2
FNF:4
FNH:4
LF:17
LH:17
BRF:8
BRH:8
end_of_record
TN:
SF:src/deployment/CCIPSender.sol
FN:25,CCIPSender._msgSender
FNDA:36,CCIPSender._msgSender
DA:31,36
DA:31,36
DA:31,36
FN:37,CCIPSender._msgData
FNDA:0,CCIPSender._msgData
DA:43,0
DA:43,0
DA:43,0
FN:49,CCIPSender._contextSuffixLength
FNDA:36,CCIPSender._contextSuffixLength
DA:52,36
DA:52,36
DA:52,36
FNF:3
FNH:2
LF:3
LH:2
BRF:0
BRH:0
end_of_record
TN:
SF:src/deployment/CCIPSenderReceiver.sol
FN:13,CCIPSenderReceiver.supportsInterface
FNDA:0,CCIPSenderReceiver.supportsInterface
DA:15,0
DA:15,0
FNF:1
FNH:0
LF:1
LH:0
BRF:0
BRH:0
end_of_record
TN:
SF:test/utils/router.sol
FN:37,MockCCIPRouter.routeMessage
FNDA:0,MockCCIPRouter.routeMessage
DA:43,0
DA:43,0
DA:43,0
FN:46,MockCCIPRouter._routeMessage
FNDA:1,MockCCIPRouter._routeMessage
DA:53,1
DA:53,1
DA:53,1
DA:53,0
BRDA:53,0,0,1
BRDA:53,0,1,-
DA:54,1
DA:54,1
DA:56,0
DA:56,0
DA:56,0
DA:58,0
DA:58,0
DA:67,0
DA:67,0
DA:70,0
DA:70,0
DA:71,0
DA:71,0
FN:78,MockCCIPRouter.ccipSend
FNDA:1,MockCCIPRouter.ccipSend
DA:82,1
DA:82,1
BRDA:82,1,0,-
BRDA:82,1,1,1
DA:82,0
DA:83,1
DA:83,1
DA:83,1
DA:85,1
DA:85,1
DA:85,1
DA:85,1
BRDA:85,2,0,-
BRDA:85,2,1,1
DA:85,0
DA:87,1
DA:87,1
DA:87,1
DA:88,1
DA:88,1
DA:89,1
DA:89,1
DA:89,1
DA:91,1
DA:91,1
DA:91,1
DA:99,1
DA:99,1
DA:99,2
DA:99,1
DA:100,1
DA:100,1
DA:103,1
DA:103,1
DA:103,1
DA:105,1
DA:105,1
BRDA:105,3,0,-
BRDA:105,3,1,1
DA:105,0
DA:107,1
DA:107,1
FN:110,MockCCIPRouter._fromBytes
FNDA:1,MockCCIPRouter._fromBytes
DA:111,1
DA:111,1
BRDA:111,4,0,-
BRDA:111,4,1,1
DA:112,0
DA:112,0
DA:112,0
DA:114,1
DA:114,1
DA:114,1
BRDA:114,5,0,-
BRDA:114,5,1,1
DA:114,0
DA:115,1
DA:115,1
DA:115,1
FN:119,MockCCIPRouter.isChainSupported
FNDA:0,MockCCIPRouter.isChainSupported
DA:120,0
DA:120,0
FN:124,MockCCIPRouter.getSupportedTokens
FNDA:1,MockCCIPRouter.getSupportedTokens
DA:125,1
DA:125,1
FN:129,MockCCIPRouter.getFee
FNDA:1,MockCCIPRouter.getFee
DA:130,1
DA:130,1
FN:134,MockCCIPRouter.getOnRamp
FNDA:0,MockCCIPRouter.getOnRamp
DA:135,0
DA:135,0
DA:135,0
FN:139,MockCCIPRouter.isOffRamp
FNDA:0,MockCCIPRouter.isOffRamp
DA:140,0
DA:140,0
FNF:9
FNH:5
LF:29
LH:19
BRF:12
BRH:6
end_of_record
