TN:
SF:src/bridge/CCIPBaseReceiver.sol
FN:33,CCIPBaseReceiver.ccipReceive
FNDA:0,CCIPBaseReceiver.ccipReceive
DA:44,0
DA:44,0
FN:68,CCIPBaseReceiver.processMessage
FNDA:0,CCIPBaseReceiver.processMessage
DA:78,0
BRDA:78,0,0,-
BRDA:78,0,1,-
DA:79,0
DA:79,0
DA:81,0
DA:81,0
FN:85,CCIPBaseReceiver._ccipReceive
FNDA:0,CCIPBaseReceiver._ccipReceive
DA:89,0
DA:89,0
DA:91,0
DA:91,0
DA:93,0
DA:93,0
DA:94,0
DA:94,0
DA:95,0
DA:95,0
FN:105,CCIPBaseReceiver.supportsInterface
FNDA:0,CCIPBaseReceiver.supportsInterface
DA:107,0
DA:107,0
FNF:4
FNH:0
LF:10
LH:0
BRF:2
BRH:0
end_of_record
TN:
SF:src/bridge/CCIPBaseSender.sol
FN:40,CCIPBaseSender.transferTokens
FNDA:6,CCIPBaseSender.transferTokens
DA:52,5
DA:52,5
DA:53,5
DA:53,5
DA:54,5
DA:54,5
DA:54,5
DA:58,5
DA:58,5
DA:59,5
DA:59,5
DA:61,5
DA:61,5
DA:63,1
DA:63,1
FN:80,CCIPBaseSender.transferTokensBatch
FNDA:1,CCIPBaseSender.transferTokensBatch
DA:92,1
DA:92,1
DA:93,1
DA:93,1
DA:94,1
DA:94,1
DA:95,1
DA:95,1
DA:97,1
DA:97,1
FN:115,CCIPBaseSender._buildEndSend
FNDA:6,CCIPBaseSender._buildEndSend
DA:117,6
DA:117,6
DA:117,6
DA:119,5
DA:119,5
DA:119,5
DA:121,5
DA:121,5
DA:122,4
DA:122,4
DA:122,7
DA:122,3
DA:124,5
DA:124,5
DA:129,3
DA:129,3
DA:129,3
DA:130,3
DA:130,3
BRDA:130,0,0,-
BRDA:130,0,1,3
DA:131,0
DA:131,0
DA:135,2
DA:135,2
FNF:3
FNH:3
LF:21
LH:20
BRF:2
BRH:1
end_of_record
TN:
SF:src/bridge/modules/configuration/CCIPAllowlistedChain.sol
FN:38,CCIPAllowlistedChain.setAllowlistChain
FNDA:11,CCIPAllowlistedChain.setAllowlistChain
DA:43,9
DA:43,9
BRDA:43,0,0,3
BRDA:43,0,1,9
DA:44,3
DA:44,3
DA:46,9
DA:46,9
BRDA:46,1,0,9
BRDA:46,1,1,9
DA:47,9
DA:47,9
FNF:1
FNH:1
LF:4
LH:4
BRF:4
BRH:4
end_of_record
TN:
SF:src/bridge/modules/configuration/CCIPRouterManage.sol
FN:19,CCIPRouterManage.getRouter
FNDA:2,CCIPRouterManage.getRouter
DA:20,7
DA:20,7
DA:20,7
FN:26,CCIPRouterManage.getSupportedTokens
FNDA:1,CCIPRouterManage.getSupportedTokens
DA:29,1
DA:29,1
FNF:2
FNH:2
LF:2
LH:2
BRF:0
BRH:0
end_of_record
TN:
SF:src/bridge/modules/configuration/CCIPSenderPayment.sol
FN:27,CCIPSenderPayment.setFeePaymentMethod
FNDA:6,CCIPSenderPayment.setFeePaymentMethod
DA:28,5
BRDA:28,0,0,1
BRDA:28,0,1,4
DA:29,1
DA:29,1
DA:31,4
DA:31,4
DA:37,4
DA:37,4
DA:38,4
DA:38,4
FN:44,CCIPSenderPayment.isValidPaymentId
FNDA:10,CCIPSenderPayment.isValidPaymentId
DA:45,10
DA:45,10
DA:45,10
FN:52,CCIPSenderPayment.changeStatusFeePaymentMethod
FNDA:11,CCIPSenderPayment.changeStatusFeePaymentMethod
DA:53,10
DA:53,10
BRDA:53,1,0,1
BRDA:53,1,1,9
DA:54,1
DA:54,1
DA:56,9
DA:56,9
FN:59,CCIPSenderPayment._computeAndApproveFee
FNDA:5,CCIPSenderPayment._computeAndApproveFee
DA:61,5
DA:61,5
DA:61,5
DA:62,5
DA:62,5
DA:62,5
DA:62,5
BRDA:62,2,0,-
BRDA:62,2,1,-
DA:65,0
DA:65,0
DA:65,0
DA:66,0
DA:66,0
BRDA:66,3,0,-
BRDA:66,3,1,-
DA:67,0
DA:67,0
DA:70,0
DA:70,0
DA:70,0
DA:71,0
DA:71,0
BRDA:71,4,0,-
BRDA:71,4,1,-
DA:72,0
DA:72,0
DA:76,5
DA:76,5
DA:77,5
DA:77,5
BRDA:77,5,0,1
BRDA:77,5,1,4
DA:78,1
DA:78,1
DA:81,4
DA:81,4
FNF:4
FNH:4
LF:21
LH:15
BRF:12
BRH:6
end_of_record
TN:
SF:src/bridge/modules/internal/CCIPReceiverInternal.sol
FN:24,CCIPReceiverInternal.supportsInterface
FNDA:0,CCIPReceiverInternal.supportsInterface
DA:25,0
DA:25,0
DA:25,0
DA:25,0
DA:25,0
FNF:1
FNH:0
LF:1
LH:0
BRF:0
BRH:0
end_of_record
TN:
SF:src/bridge/modules/security/AuthorizationModule.sol
FN:48,AuthorizationModule.hasRole
FNDA:0,AuthorizationModule.hasRole
DA:53,52
DA:53,52
BRDA:53,0,0,47
BRDA:53,0,1,5
DA:54,47
DA:54,47
DA:56,5
DA:56,5
DA:56,5
FN:59,AuthorizationModule.supportsInterface
FNDA:0,AuthorizationModule.supportsInterface
DA:61,0
DA:61,0
DA:61,0
FNF:2
FNH:0
LF:4
LH:3
BRF:2
BRH:2
end_of_record
TN:
SF:src/bridge/modules/wrapper/CCIPContractBalance.sol
FN:16,CCIPContractBalance.depositNativeTokens
FNDA:9,CCIPContractBalance.depositNativeTokens
DA:18,9
DA:18,9
DA:18,9
BRDA:18,0,0,-
BRDA:18,0,1,9
DA:19,0
DA:19,0
DA:21,9
DA:21,9
FN:30,CCIPContractBalance.withdrawTokens
FNDA:4,CCIPContractBalance.withdrawTokens
DA:35,4
DA:35,4
DA:35,4
DA:35,4
DA:35,3
DA:35,3
BRDA:35,1,0,2
BRDA:35,1,1,2
DA:36,2
DA:36,2
DA:38,2
DA:38,2
BRDA:38,2,0,1
BRDA:38,2,1,-
DA:39,1
DA:39,1
DA:40,1
DA:40,1
BRDA:40,3,0,1
BRDA:40,3,1,-
DA:41,1
DA:41,1
DA:45,1
DA:45,1
DA:48,1
DA:48,1
FN:55,CCIPContractBalance.withdrawNativeTokens
FNDA:4,CCIPContractBalance.withdrawNativeTokens
DA:56,3
DA:56,3
DA:56,3
BRDA:56,4,0,1
BRDA:56,4,1,2
DA:57,1
DA:57,1
DA:59,2
DA:59,2
BRDA:59,5,0,1
BRDA:59,5,1,-
DA:60,1
DA:60,1
DA:61,1
DA:61,1
BRDA:61,6,0,1
BRDA:61,6,1,-
DA:62,1
DA:62,1
DA:66,1
DA:66,1
DA:66,1
DA:68,1
DA:68,1
BRDA:68,7,0,-
BRDA:68,7,1,1
DA:69,0
DA:69,0
DA:71,1
DA:71,1
FNF:3
FNH:3
LF:21
LH:19
BRF:16
BRH:10
end_of_record
TN:
SF:src/bridge/modules/wrapper/CCIPReceiverDefensive.sol
FN:68,CCIPReceiverDefensive.getLastReceivedMessageDetails
FNDA:0,CCIPReceiverDefensive.getLastReceivedMessageDetails
DA:78,0
DA:78,0
FN:91,CCIPReceiverDefensive.getFailedMessagesIds
FNDA:0,CCIPReceiverDefensive.getFailedMessagesIds
DA:96,0
DA:96,0
DA:96,0
DA:97,0
DA:97,0
DA:97,0
DA:98,0
DA:98,0
DA:98,0
DA:98,0
DA:99,0
DA:99,0
DA:99,0
DA:100,0
DA:100,0
DA:102,0
DA:102,0
FN:111,CCIPReceiverDefensive.retryFailedMessage
FNDA:0,CCIPReceiverDefensive.retryFailedMessage
DA:116,0
DA:116,0
DA:116,0
DA:116,0
BRDA:116,0,0,-
BRDA:116,0,1,-
DA:117,0
DA:117,0
DA:120,0
DA:120,0
DA:123,0
DA:123,0
DA:127,0
DA:127,0
DA:133,0
DA:133,0
FN:140,CCIPReceiverDefensive.setSimRevert
FNDA:0,CCIPReceiverDefensive.setSimRevert
DA:141,0
DA:141,0
FN:145,CCIPReceiverDefensive.supportsInterface
FNDA:0,CCIPReceiverDefensive.supportsInterface
DA:147,0
DA:147,0
FNF:5
FNH:0
LF:15
LH:0
BRF:2
BRH:0
end_of_record
TN:
SF:src/bridge/modules/wrapper/CCIPSenderBuild.sol
FN:7,CCIPSenderBuild.buildTokenAmounts
FNDA:8,CCIPSenderBuild.buildTokenAmounts
DA:10,9
DA:10,9
BRDA:10,0,0,1
BRDA:10,0,1,8
DA:11,1
DA:11,1
DA:13,8
DA:13,8
BRDA:13,1,0,1
BRDA:13,1,1,7
DA:14,1
DA:14,1
DA:16,7
DA:16,7
DA:17,7
DA:17,7
DA:17,15
DA:17,8
DA:18,9
DA:18,9
DA:18,9
BRDA:18,2,0,1
BRDA:18,2,1,8
DA:19,1
DA:19,1
DA:21,8
DA:21,8
DA:21,8
DA:25,8
DA:25,8
FN:34,CCIPSenderBuild.buildCCIPTransferMessage
FNDA:4,CCIPSenderBuild.buildCCIPTransferMessage
DA:39,4
DA:39,4
DA:39,4
FN:47,CCIPSenderBuild._buildCCIPMessage
FNDA:8,CCIPSenderBuild._buildCCIPMessage
DA:54,8
DA:54,8
DA:54,8
FN:70,CCIPSenderBuild._buildCCIPTransferMessage
FNDA:10,CCIPSenderBuild._buildCCIPTransferMessage
DA:75,10
DA:75,10
DA:75,0
DA:76,10
BRDA:76,3,0,8
BRDA:76,3,1,2
DA:77,8
DA:77,8
DA:79,2
DA:79,2
DA:82,8
DA:82,8
DA:82,8
FNF:4
FNH:4
LF:17
LH:17
BRF:8
BRH:8
end_of_record
TN:
SF:src/deployment/CCIPSender.sol
FN:25,CCIPSender._msgSender
FNDA:66,CCIPSender._msgSender
DA:31,66
DA:31,66
DA:31,66
FN:37,CCIPSender._msgData
FNDA:0,CCIPSender._msgData
DA:43,0
DA:43,0
DA:43,0
FN:49,CCIPSender._contextSuffixLength
FNDA:66,CCIPSender._contextSuffixLength
DA:52,66
DA:52,66
DA:52,66
FNF:3
FNH:2
LF:3
LH:2
BRF:0
BRH:0
end_of_record
TN:
SF:src/deployment/CCIPSenderReceiver.sol
FN:13,CCIPSenderReceiver.supportsInterface
FNDA:0,CCIPSenderReceiver.supportsInterface
DA:15,0
DA:15,0
FNF:1
FNH:0
LF:1
LH:0
BRF:0
BRH:0
end_of_record
TN:
SF:test/utils/router.sol
FN:37,MockCCIPRouter.routeMessage
FNDA:0,MockCCIPRouter.routeMessage
DA:43,0
DA:43,0
DA:43,0
FN:46,MockCCIPRouter._routeMessage
FNDA:2,MockCCIPRouter._routeMessage
DA:53,2
DA:53,2
DA:53,2
DA:53,0
BRDA:53,0,0,2
BRDA:53,0,1,-
DA:54,2
DA:54,2
DA:56,0
DA:56,0
DA:56,0
DA:58,0
DA:58,0
DA:67,0
DA:67,0
DA:70,0
DA:70,0
DA:71,0
DA:71,0
FN:78,MockCCIPRouter.ccipSend
FNDA:2,MockCCIPRouter.ccipSend
DA:82,2
DA:82,2
BRDA:82,1,0,-
BRDA:82,1,1,2
DA:82,0
DA:83,2
DA:83,2
DA:83,2
DA:85,2
DA:85,2
DA:85,2
DA:85,2
BRDA:85,2,0,-
BRDA:85,2,1,2
DA:85,0
DA:87,2
DA:87,2
DA:87,2
DA:88,2
DA:88,2
DA:89,2
DA:89,2
DA:89,2
DA:91,2
DA:91,2
DA:91,2
DA:99,2
DA:99,2
DA:99,5
DA:99,3
DA:100,3
DA:100,3
DA:103,2
DA:103,2
DA:103,2
DA:105,2
DA:105,2
BRDA:105,3,0,-
BRDA:105,3,1,2
DA:105,0
DA:107,2
DA:107,2
FN:110,MockCCIPRouter._fromBytes
FNDA:2,MockCCIPRouter._fromBytes
DA:111,2
DA:111,2
BRDA:111,4,0,-
BRDA:111,4,1,2
DA:112,0
DA:112,0
DA:112,0
DA:114,2
DA:114,2
DA:114,2
BRDA:114,5,0,-
BRDA:114,5,1,2
DA:114,0
DA:115,2
DA:115,2
DA:115,2
FN:119,MockCCIPRouter.isChainSupported
FNDA:0,MockCCIPRouter.isChainSupported
DA:120,0
DA:120,0
FN:124,MockCCIPRouter.getSupportedTokens
FNDA:1,MockCCIPRouter.getSupportedTokens
DA:125,1
DA:125,1
FN:129,MockCCIPRouter.getFee
FNDA:5,MockCCIPRouter.getFee
DA:130,5
DA:130,5
FN:134,MockCCIPRouter.getOnRamp
FNDA:0,MockCCIPRouter.getOnRamp
DA:135,0
DA:135,0
DA:135,0
FN:139,MockCCIPRouter.isOffRamp
FNDA:0,MockCCIPRouter.isOffRamp
DA:140,0
DA:140,0
FNF:9
FNH:5
LF:29
LH:19
BRF:12
BRH:6
end_of_record
