TN:
SF:src/bridge/CCIPBaseSender.sol
FN:40,CCIPBaseSender.transferTokens
FNDA:13,CCIPBaseSender.transferTokens
DA:52,11
DA:52,11
DA:53,11
DA:53,11
DA:54,11
DA:54,11
DA:54,11
DA:58,11
DA:58,11
DA:59,11
DA:59,11
DA:61,11
DA:61,11
DA:63,3
DA:63,3
FN:80,CCIPBaseSender.transferTokensBatch
FNDA:2,CCIPBaseSender.transferTokensBatch
DA:92,2
DA:92,2
DA:93,2
DA:93,2
DA:94,2
DA:94,2
DA:95,2
DA:95,2
DA:97,2
DA:97,2
FN:115,CCIPBaseSender._buildEndSend
FNDA:13,CCIPBaseSender._buildEndSend
DA:117,13
DA:117,13
DA:117,13
DA:119,11
DA:119,11
DA:119,11
DA:121,11
DA:121,11
DA:122,9
DA:122,9
DA:122,16
DA:122,7
DA:124,11
DA:124,11
DA:126,7
DA:126,7
DA:129,5
DA:129,5
BRDA:129,0,0,-
BRDA:129,0,1,3
DA:130,3
DA:130,3
DA:132,2
DA:132,2
FNF:3
FNH:3
LF:21
LH:21
BRF:2
BRH:1
end_of_record
TN:
SF:src/bridge/modules/configuration/CCIPAllowlistedChain.sol
FN:38,CCIPAllowlistedChain.setAllowlistChain
FNDA:18,CCIPAllowlistedChain.setAllowlistChain
DA:43,16
DA:43,16
BRDA:43,0,0,3
BRDA:43,0,1,16
DA:44,3
DA:44,3
DA:46,16
DA:46,16
BRDA:46,1,0,16
BRDA:46,1,1,16
DA:47,16
DA:47,16
FNF:1
FNH:1
LF:4
LH:4
BRF:4
BRH:4
end_of_record
TN:
SF:src/bridge/modules/configuration/CCIPRouterManage.sol
FN:20,CCIPRouterManage.getRouter
FNDA:3,CCIPRouterManage.getRouter
DA:21,14
DA:21,14
DA:21,14
FN:27,CCIPRouterManage.getSupportedTokens
FNDA:2,CCIPRouterManage.getSupportedTokens
DA:30,2
DA:30,2
FN:33,CCIPRouterManage.getFee
FNDA:1,CCIPRouterManage.getFee
DA:35,1
DA:35,1
DA:35,1
DA:36,1
DA:36,1
FNF:3
FNH:3
LF:4
LH:4
BRF:0
BRH:0
end_of_record
TN:
SF:src/bridge/modules/configuration/CCIPSenderPayment.sol
FN:36,CCIPSenderPayment.setMessageGasLimit
FNDA:2,CCIPSenderPayment.setMessageGasLimit
DA:37,1
DA:37,1
DA:38,1
DA:38,1
FN:44,CCIPSenderPayment.setMessageData
FNDA:2,CCIPSenderPayment.setMessageData
DA:45,1
DA:45,1
DA:46,1
DA:46,1
FN:54,CCIPSenderPayment.setFeePaymentMethod
FNDA:12,CCIPSenderPayment.setFeePaymentMethod
DA:55,11
BRDA:55,0,0,1
BRDA:55,0,1,10
DA:56,1
DA:56,1
DA:58,10
DA:58,10
DA:64,10
DA:64,10
DA:65,10
DA:65,10
FN:71,CCIPSenderPayment.isValidPaymentId
FNDA:12,CCIPSenderPayment.isValidPaymentId
DA:72,12
DA:72,12
DA:72,12
FN:79,CCIPSenderPayment.changeStatusFeePaymentMethod
FNDA:13,CCIPSenderPayment.changeStatusFeePaymentMethod
DA:80,12
DA:80,12
BRDA:80,1,0,1
BRDA:80,1,1,11
DA:81,1
DA:81,1
DA:83,11
DA:83,11
FN:88,CCIPSenderPayment._computeAndApproveFee
FNDA:11,CCIPSenderPayment._computeAndApproveFee
DA:90,11
DA:90,11
DA:90,11
DA:91,11
DA:91,11
DA:91,11
DA:91,11
BRDA:91,2,0,1
BRDA:91,2,1,4
DA:94,5
DA:94,5
DA:94,5
DA:95,5
DA:95,5
BRDA:95,3,0,1
BRDA:95,3,1,4
DA:96,1
DA:96,1
DA:99,4
DA:99,4
DA:101,6
DA:101,6
DA:102,6
DA:102,6
BRDA:102,4,0,1
BRDA:102,4,1,5
DA:103,1
DA:103,1
DA:106,9
DA:106,9
FNF:6
FNH:6
LF:23
LH:23
BRF:10
BRH:10
end_of_record
TN:
SF:src/bridge/modules/security/AuthorizationModule.sol
FN:39,AuthorizationModule.hasRole
FNDA:1,AuthorizationModule.hasRole
DA:44,82
DA:44,82
BRDA:44,0,0,72
BRDA:44,0,1,10
DA:45,72
DA:45,72
DA:47,10
DA:47,10
DA:47,10
FNF:1
FNH:1
LF:3
LH:3
BRF:2
BRH:2
end_of_record
TN:
SF:src/bridge/modules/wrapper/CCIPContractBalance.sol
FN:16,CCIPContractBalance.depositNativeTokens
FNDA:9,CCIPContractBalance.depositNativeTokens
DA:18,9
DA:18,9
DA:18,9
BRDA:18,0,0,-
BRDA:18,0,1,9
DA:19,0
DA:19,0
DA:21,9
DA:21,9
FN:30,CCIPContractBalance.withdrawTokens
FNDA:4,CCIPContractBalance.withdrawTokens
DA:35,4
DA:35,4
DA:35,4
DA:35,4
DA:35,3
DA:35,3
BRDA:35,1,0,2
BRDA:35,1,1,2
DA:36,2
DA:36,2
DA:38,2
DA:38,2
BRDA:38,2,0,1
BRDA:38,2,1,-
DA:39,1
DA:39,1
DA:40,1
DA:40,1
BRDA:40,3,0,1
BRDA:40,3,1,-
DA:41,1
DA:41,1
DA:45,1
DA:45,1
DA:48,1
DA:48,1
FN:55,CCIPContractBalance.withdrawNativeTokens
FNDA:4,CCIPContractBalance.withdrawNativeTokens
DA:56,3
DA:56,3
DA:56,3
BRDA:56,4,0,1
BRDA:56,4,1,2
DA:57,1
DA:57,1
DA:59,2
DA:59,2
BRDA:59,5,0,1
BRDA:59,5,1,-
DA:60,1
DA:60,1
DA:61,1
DA:61,1
BRDA:61,6,0,1
BRDA:61,6,1,-
DA:62,1
DA:62,1
DA:66,1
DA:66,1
DA:66,1
DA:68,1
DA:68,1
BRDA:68,7,0,-
BRDA:68,7,1,1
DA:69,0
DA:69,0
DA:71,1
DA:71,1
FNF:3
FNH:3
LF:21
LH:19
BRF:16
BRH:10
end_of_record
TN:
SF:src/bridge/modules/wrapper/CCIPSenderBuild.sol
FN:7,CCIPSenderBuild.buildTokenAmounts
FNDA:12,CCIPSenderBuild.buildTokenAmounts
DA:10,14
DA:10,14
BRDA:10,0,0,1
BRDA:10,0,1,13
DA:11,1
DA:11,1
DA:13,13
DA:13,13
BRDA:13,1,0,1
BRDA:13,1,1,12
DA:14,1
DA:14,1
DA:16,12
DA:16,12
DA:17,12
DA:17,12
DA:17,27
DA:17,15
DA:18,16
DA:18,16
DA:18,16
BRDA:18,2,0,1
BRDA:18,2,1,15
DA:19,1
DA:19,1
DA:21,15
DA:21,15
DA:21,15
DA:25,15
DA:25,15
FN:34,CCIPSenderBuild.buildCCIPTransferMessage
FNDA:8,CCIPSenderBuild.buildCCIPTransferMessage
DA:39,8
DA:39,8
DA:39,8
FN:47,CCIPSenderBuild._buildCCIPMessage
FNDA:0,CCIPSenderBuild._buildCCIPMessage
DA:54,18
DA:54,18
DA:54,18
FN:70,CCIPSenderBuild._buildCCIPTransferMessage
FNDA:0,CCIPSenderBuild._buildCCIPTransferMessage
DA:75,21
DA:75,21
DA:75,0
DA:76,21
BRDA:76,3,0,18
BRDA:76,3,1,3
DA:77,18
DA:77,18
DA:79,3
DA:79,3
DA:81,18
DA:81,18
DA:81,18
FNF:4
FNH:2
LF:17
LH:17
BRF:8
BRH:8
end_of_record
TN:
SF:src/deployment/CCIPSender.sol
FN:25,CCIPSender._msgSender
FNDA:101,CCIPSender._msgSender
DA:31,101
DA:31,101
DA:31,101
FN:37,CCIPSender._msgData
FNDA:0,CCIPSender._msgData
DA:43,0
DA:43,0
DA:43,0
FN:49,CCIPSender._contextSuffixLength
FNDA:101,CCIPSender._contextSuffixLength
DA:52,101
DA:52,101
DA:52,101
FNF:3
FNH:2
LF:3
LH:2
BRF:0
BRH:0
end_of_record
